ERC report (2026-05-30T21:33:49, Encoding UTF8)
Report includes: Errors, Warnings

***** Sheet /MCU Stuff/
[pin_not_connected]: Pin not connected
    ; error
    @(46.99 mm, 74.93 mm): Symbol U1 Pin 8 [PC0, Input, Line]
[pin_not_driven]: Input pin not driven by any Output pins
    ; error
    @(46.99 mm, 74.93 mm): Symbol U1 Pin 8 [PC0, Input, Line]
[pin_not_connected]: Pin not connected
    ; error
    @(46.99 mm, 77.47 mm): Symbol U1 Pin 9 [PC1, Input, Line]
[pin_not_driven]: Input pin not driven by any Output pins
    ; error
    @(46.99 mm, 77.47 mm): Symbol U1 Pin 9 [PC1, Input, Line]
[pin_not_connected]: Pin not connected
    ; error
    @(46.99 mm, 80.01 mm): Symbol U1 Pin 10 [PC2, Input, Line]
[pin_not_driven]: Input pin not driven by any Output pins
    ; error
    @(46.99 mm, 80.01 mm): Symbol U1 Pin 10 [PC2, Input, Line]
[pin_not_connected]: Pin not connected
    ; error
    @(46.99 mm, 82.55 mm): Symbol U1 Pin 11 [PC3, Input, Line]
[pin_not_driven]: Input pin not driven by any Output pins
    ; error
    @(46.99 mm, 82.55 mm): Symbol U1 Pin 11 [PC3, Input, Line]
[pin_not_connected]: Pin not connected
    ; error
    @(46.99 mm, 90.17 mm): Symbol U1 Pin 14 [PA0, Input, Line]
[pin_not_driven]: Input pin not driven by any Output pins
    ; error
    @(46.99 mm, 90.17 mm): Symbol U1 Pin 14 [PA0, Input, Line]
[pin_not_connected]: Pin not connected
    ; error
    @(64.77 mm, 44.45 mm): Symbol U1 Pin 62 [PB9, Input, Line]
[pin_not_driven]: Input pin not driven by any Output pins
    ; error
    @(64.77 mm, 44.45 mm): Symbol U1 Pin 62 [PB9, Input, Line]
[pin_not_connected]: Pin not connected
    ; error
    @(67.31 mm, 44.45 mm): Symbol U1 Pin 61 [PB8, Input, Line]
[pin_not_driven]: Input pin not driven by any Output pins
    ; error
    @(67.31 mm, 44.45 mm): Symbol U1 Pin 61 [PB8, Input, Line]
[pin_not_connected]: Pin not connected
    ; error
    @(72.39 mm, 44.45 mm): Symbol U1 Pin 59 [PB7, Input, Line]
[pin_not_driven]: Input pin not driven by any Output pins
    ; error
    @(72.39 mm, 44.45 mm): Symbol U1 Pin 59 [PB7, Input, Line]
[pin_not_connected]: Pin not connected
    ; error
    @(72.39 mm, 107.95 mm): Symbol U1 Pin 22 [PA6, Input, Line]
[pin_not_driven]: Input pin not driven by any Output pins
    ; error
    @(72.39 mm, 107.95 mm): Symbol U1 Pin 22 [PA6, Input, Line]
[pin_not_connected]: Pin not connected
    ; error
    @(74.93 mm, 44.45 mm): Symbol U1 Pin 58 [PB6, Input, Line]
[pin_not_driven]: Input pin not driven by any Output pins
    ; error
    @(74.93 mm, 44.45 mm): Symbol U1 Pin 58 [PB6, Input, Line]
[pin_not_driven]: Input pin not driven by any Output pins
    ; error
    @(77.47 mm, 107.95 mm): Symbol U1 Pin 24 [PC4, Input, Line]
[pin_not_driven]: Input pin not driven by any Output pins
    ; error
    @(80.01 mm, 107.95 mm): Symbol U1 Pin 25 [PC5, Input, Line]
[pin_not_connected]: Pin not connected
    ; error
    @(85.09 mm, 107.95 mm): Symbol U1 Pin 27 [PB1, Input, Line]
[pin_not_driven]: Input pin not driven by any Output pins
    ; error
    @(85.09 mm, 107.95 mm): Symbol U1 Pin 27 [PB1, Input, Line]
[pin_not_connected]: Pin not connected
    ; error
    @(87.63 mm, 44.45 mm): Symbol U1 Pin 53 [PC12, Input, Line]
[pin_not_driven]: Input pin not driven by any Output pins
    ; error
    @(87.63 mm, 44.45 mm): Symbol U1 Pin 53 [PC12, Input, Line]
[pin_not_connected]: Pin not connected
    ; error
    @(87.63 mm, 107.95 mm): Symbol U1 Pin 28 [PB2, Input, Line]
[pin_not_driven]: Input pin not driven by any Output pins
    ; error
    @(87.63 mm, 107.95 mm): Symbol U1 Pin 28 [PB2, Input, Line]
[pin_not_connected]: Pin not connected
    ; error
    @(90.17 mm, 44.45 mm): Symbol U1 Pin 52 [PC11, Input, Line]
[pin_not_driven]: Input pin not driven by any Output pins
    ; error
    @(90.17 mm, 44.45 mm): Symbol U1 Pin 52 [PC11, Input, Line]
[duplicate_pins]: Pin  on symbol 'U?' is connected to different nets: VBAT and VDDA
    ; error
    @(90.17 mm, 168.91 mm): Symbol U? Pin  [Input, Line]
    @(95.25 mm, 168.91 mm): Symbol U? Pin  [Input, Line]
[pin_not_connected]: Pin not connected
    ; error
    @(95.25 mm, 44.45 mm): Symbol U1 Pin 50 [PA15, Input, Line]
[pin_not_driven]: Input pin not driven by any Output pins
    ; error
    @(95.25 mm, 44.45 mm): Symbol U1 Pin 50 [PA15, Input, Line]
[pin_not_driven]: Input pin not driven by any Output pins
    ; error
    @(95.25 mm, 168.91 mm): Symbol C37 Pin 2 [2, Input, Line]
[duplicate_pins]: Pin  on symbol 'U?' is connected to different nets: VSSA and VSS
    ; error
    @(95.25 mm, 179.07 mm): Symbol U? Pin  [Input, Line]
    @(90.17 mm, 179.07 mm): Symbol U? Pin  [Input, Line]
[pin_not_driven]: Input pin not driven by any Output pins
    ; error
    @(95.25 mm, 179.07 mm): Symbol C37 Pin 1 [1, Input, Line]
[pin_not_driven]: Input pin not driven by any Output pins
    ; error
    @(110.49 mm, 64.77 mm): Symbol U1 Pin 45 [PA12, Input, Line]
[pin_not_driven]: Input pin not driven by any Output pins
    ; error
    @(110.49 mm, 67.31 mm): Symbol U1 Pin 44 [PA11, Input, Line]
[pin_not_connected]: Pin not connected
    ; error
    @(110.49 mm, 69.85 mm): Symbol U1 Pin 43 [PA10, Input, Line]
[pin_not_driven]: Input pin not driven by any Output pins
    ; error
    @(110.49 mm, 69.85 mm): Symbol U1 Pin 43 [PA10, Input, Line]
[pin_not_connected]: Pin not connected
    ; error
    @(110.49 mm, 77.47 mm): Symbol U1 Pin 40 [PC9, Input, Line]
[pin_not_driven]: Input pin not driven by any Output pins
    ; error
    @(110.49 mm, 77.47 mm): Symbol U1 Pin 40 [PC9, Input, Line]
[pin_not_driven]: Input pin not driven by any Output pins
    ; error
    @(123.19 mm, 171.45 mm): Symbol RESET Pin 3 [C, Input, Line]
[pin_not_driven]: Input pin not driven by any Output pins
    ; error
    @(147.32 mm, 172.72 mm): Symbol C39 Pin 2 [2, Input, Line]
[pin_not_driven]: Input pin not driven by any Output pins
    ; error
    @(214.63 mm, 140.97 mm): Symbol R32 Pin 1 [1, Input, Line]
[pin_not_driven]: Input pin not driven by any Output pins
    ; error
    @(224.79 mm, 129.54 mm): Symbol LED1 Pin 2 [A, Input, Line]
[pin_not_driven]: Input pin not driven by any Output pins
    ; error
    @(224.79 mm, 140.97 mm): Symbol LED2 Pin 2 [A, Input, Line]
[footprint_link_issues]: The current configuration does not include the footprint library 'ProPrj_STM-easyedapro'
    ; warning
    @(17.78 mm, 173.99 mm): Symbol C30 [100nF]
[lib_symbol_mismatch]: Symbol '100nF' doesn't match copy in library 'ProPrj_STM-easyedapro'
    ; warning
    @(17.78 mm, 173.99 mm): Symbol C30 [100nF]
[footprint_link_issues]: The current configuration does not include the footprint library 'ProPrj_STM-easyedapro'
    ; warning
    @(27.94 mm, 173.99 mm): Symbol C31 [100nF]
[lib_symbol_mismatch]: Symbol '100nF' doesn't match copy in library 'ProPrj_STM-easyedapro'
    ; warning
    @(27.94 mm, 173.99 mm): Symbol C31 [100nF]
[footprint_link_issues]: The current configuration does not include the footprint library 'ProPrj_STM-easyedapro'
    ; warning
    @(33.02 mm, 170.18 mm): Symbol #PWR? [3V3]
[footprint_link_issues]: The current configuration does not include the footprint library 'ProPrj_STM-easyedapro'
    ; warning
    @(33.02 mm, 177.80 mm): Symbol #PWR? [GND]
[footprint_link_issues]: The current configuration does not include the footprint library 'ProPrj_STM-easyedapro'
    ; warning
    @(38.10 mm, 173.99 mm): Symbol C32 [100nF]
[lib_symbol_mismatch]: Symbol '100nF' doesn't match copy in library 'ProPrj_STM-easyedapro'
    ; warning
    @(38.10 mm, 173.99 mm): Symbol C32 [100nF]
[footprint_link_issues]: The current configuration does not include the footprint library 'ProPrj_STM-easyedapro'
    ; warning
    @(48.26 mm, 173.99 mm): Symbol C35 [4.7uF]
[footprint_link_issues]: The current configuration does not include the footprint library 'ProPrj_STM-easyedapro'
    ; warning
    @(59.69 mm, 173.99 mm): Symbol C33 [100nF]
[lib_symbol_mismatch]: Symbol '100nF' doesn't match copy in library 'ProPrj_STM-easyedapro'
    ; warning
    @(59.69 mm, 173.99 mm): Symbol C33 [100nF]
[footprint_link_issues]: The current configuration does not include the footprint library 'ProPrj_STM-easyedapro'
    ; warning
    @(64.77 mm, 170.18 mm): Symbol #PWR? [3V3]
[footprint_link_issues]: The current configuration does not include the footprint library 'ProPrj_STM-easyedapro'
    ; warning
    @(64.77 mm, 177.80 mm): Symbol #PWR? [GND]
[multiple_net_names]: Both VSS and GND are attached to the same items; VSS will be used in the netlist
    ; warning
    @(48.26 mm, 180.34 mm): Global Label 'VSS'
    @(64.77 mm, 177.80 mm): Symbol #PWR? Pin  [Power input, Line]
[multiple_net_names]: Both VBAT and VDDIO2 are attached to the same items; VBAT will be used in the netlist
    ; warning
    @(45.72 mm, 57.15 mm): Global Label 'VBAT'
    @(69.85 mm, 167.64 mm): Global Label 'VDDIO2'
[footprint_link_issues]: The current configuration does not include the footprint library 'ProPrj_STM-easyedapro'
    ; warning
    @(69.85 mm, 173.99 mm): Symbol C36 [4.7uF]
[footprint_link_issues]: The current configuration does not include the footprint library 'ProPrj_STM-easyedapro'
    ; warning
    @(74.93 mm, 157.48 mm): Symbol #PWR? [3V3]
[footprint_link_issues]: The current configuration does not include the footprint library 'ProPrj_STM-easyedapro'
    ; warning
    @(78.74 mm, 76.20 mm): Symbol U1 [STM32F072RBT6]
[footprint_link_issues]: The current configuration does not include the footprint library 'ProPrj_STM-easyedapro'
    ; warning
    @(85.09 mm, 173.99 mm): Symbol C34 [10nF]
[footprint_link_issues]: The current configuration does not include the footprint library 'ProPrj_STM-easyedapro'
    ; warning
    @(90.17 mm, 168.91 mm): Symbol #PWR? [3V3]
[footprint_link_issues]: The current configuration does not include the footprint library 'ProPrj_STM-easyedapro'
    ; warning
    @(90.17 mm, 179.07 mm): Symbol #PWR? [GND]
[footprint_link_issues]: The current configuration does not include the footprint library 'ProPrj_STM-easyedapro'
    ; warning
    @(92.71 mm, 168.91 mm): Symbol U? [0921813a673231ed]
[footprint_link_issues]: The current configuration does not include the footprint library 'ProPrj_STM-easyedapro'
    ; warning
    @(92.71 mm, 179.07 mm): Symbol U? [0921813a673231ed]
[footprint_link_issues]: The current configuration does not include the footprint library 'ProPrj_STM-easyedapro'
    ; warning
    @(95.25 mm, 173.99 mm): Symbol C37 [1uF]
[footprint_link_issues]: The current configuration does not include the footprint library 'ProPrj_STM-easyedapro'
    ; warning
    @(128.27 mm, 176.53 mm): Symbol RESET [TS-1187A-B-A-B]
[footprint_link_issues]: The current configuration does not include the footprint library 'ProPrj_STM-easyedapro'
    ; warning
    @(147.32 mm, 160.02 mm): Symbol #PWR? [3V3]
[footprint_link_issues]: The current configuration does not include the footprint library 'ProPrj_STM-easyedapro'
    ; warning
    @(147.32 mm, 165.10 mm): Symbol R42 [10kΩ]
[footprint_link_issues]: The current configuration does not include the footprint library 'ProPrj_STM-easyedapro'
    ; warning
    @(147.32 mm, 177.80 mm): Symbol C39 [1uF]
[footprint_link_issues]: The current configuration does not include the footprint library 'ProPrj_STM-easyedapro'
    ; warning
    @(147.32 mm, 182.88 mm): Symbol #PWR? [GND]
[footprint_link_issues]: The current configuration does not include the footprint library 'ProPrj_STM-easyedapro'
    ; warning
    @(213.36 mm, 128.27 mm): Symbol #PWR? [3V3]
[footprint_link_issues]: The current configuration does not include the footprint library 'ProPrj_STM-easyedapro'
    ; warning
    @(219.71 mm, 129.54 mm): Symbol R31 [510Ω]
[footprint_link_issues]: The current configuration does not include the footprint library 'ProPrj_STM-easyedapro'
    ; warning
    @(219.71 mm, 140.97 mm): Symbol R32 [510Ω]
[footprint_link_issues]: The current configuration does not include the footprint library 'ProPrj_STM-easyedapro'
    ; warning
    @(229.87 mm, 129.54 mm): Symbol LED1 [19-213/Y2C-CQ2R2L/3T(CY)]
[footprint_link_issues]: The current configuration does not include the footprint library 'ProPrj_STM-easyedapro'
    ; warning
    @(229.87 mm, 140.97 mm): Symbol LED2 [KT-0603R]
[footprint_link_issues]: The current configuration does not include the footprint library 'ProPrj_STM-easyedapro'
    ; warning
    @(234.95 mm, 143.51 mm): Symbol #PWR? [GND]
[footprint_link_issues]: The current configuration does not include the footprint library 'ProPrj_STM-easyedapro'
    ; warning
    @(10.16 mm, 35.56 mm): Symbol #PWR? [VIN]
[footprint_link_issues]: The current configuration does not include the footprint library 'ProPrj_STM-easyedapro'
    ; warning
    @(10.16 mm, 38.10 mm): Symbol U? [0921813a673231ed]
[footprint_link_issues]: The current configuration does not include the footprint library 'ProPrj_STM-easyedapro'
    ; warning
    @(13.97 mm, 172.72 mm): Symbol C1 [10uF]
[footprint_link_issues]: The current configuration does not include the footprint library 'ProPrj_STM-easyedapro'
    ; warning
    @(19.05 mm, 96.52 mm): Symbol C41 [100uF]
[lib_symbol_mismatch]: Symbol '100uF' doesn't match copy in library 'ProPrj_STM-easyedapro'
    ; warning
    @(19.05 mm, 96.52 mm): Symbol C41 [100uF]
[footprint_link_issues]: The current configuration does not include the footprint library 'ProPrj_STM-easyedapro'
    ; warning
    @(27.94 mm, 38.10 mm): Symbol R24 [1mΩ]
[footprint_link_issues]: The current configuration does not include the footprint library 'ProPrj_STM-easyedapro'
    ; warning
    @(27.94 mm, 40.64 mm): Symbol R18 [1mΩ]
[footprint_link_issues]: The current configuration does not include the footprint library 'ProPrj_STM-easyedapro'
    ; warning
    @(27.94 mm, 43.18 mm): Symbol R19 [1mΩ]
[footprint_link_issues]: The current configuration does not include the footprint library 'ProPrj_STM-easyedapro'
    ; warning
    @(29.21 mm, 96.52 mm): Symbol C42 [100uF]
[lib_symbol_mismatch]: Symbol '100uF' doesn't match copy in library 'ProPrj_STM-easyedapro'
    ; warning
    @(29.21 mm, 96.52 mm): Symbol C42 [100uF]
[footprint_link_issues]: The current configuration does not include the footprint library 'ProPrj_STM-easyedapro'
    ; warning
    @(34.29 mm, 68.58 mm): Symbol C26 [100nF]
[lib_symbol_mismatch]: Symbol '100nF' doesn't match copy in library 'ProPrj_STM-easyedapro'
    ; warning
    @(34.29 mm, 68.58 mm): Symbol C26 [100nF]
[footprint_link_issues]: The current configuration does not include the footprint library 'ProPrj_STM-easyedapro'
    ; warning
    @(36.83 mm, 163.83 mm): Symbol R14 [10kΩ]
[footprint_link_issues]: The current configuration does not include the footprint library 'ProPrj_STM-easyedapro'
    ; warning
    @(38.10 mm, 52.07 mm): Symbol R2 [200kΩ]
[footprint_link_issues]: The current configuration does not include the footprint library 'ProPrj_STM-easyedapro'
    ; warning
    @(38.10 mm, 68.58 mm): Symbol R1 [5.1Ω]
[footprint_link_issues]: The current configuration does not include the footprint library 'ProPrj_STM-easyedapro'
    ; warning
    @(39.37 mm, 96.52 mm): Symbol C43 [100uF]
[lib_symbol_mismatch]: Symbol '100uF' doesn't match copy in library 'ProPrj_STM-easyedapro'
    ; warning
    @(39.37 mm, 96.52 mm): Symbol C43 [100uF]
[footprint_link_issues]: The current configuration does not include the footprint library 'ProPrj_STM-easyedapro'
    ; warning
    @(39.37 mm, 171.45 mm): Symbol R13 [10kΩ]
[footprint_link_issues]: The current configuration does not include the footprint library 'ProPrj_STM-easyedapro'
    ; warning
    @(49.53 mm, 96.52 mm): Symbol C44 [100uF]
[lib_symbol_mismatch]: Symbol '100uF' doesn't match copy in library 'ProPrj_STM-easyedapro'
    ; warning
    @(49.53 mm, 96.52 mm): Symbol C44 [100uF]
[footprint_link_issues]: The current configuration does not include the footprint library 'ProPrj_STM-easyedapro'
    ; warning
    @(49.53 mm, 101.60 mm): Symbol #PWR? [GND]
[footprint_link_issues]: The current configuration does not include the footprint library 'ProPrj_STM-easyedapro'
    ; warning
    @(52.07 mm, 137.16 mm): Symbol #PWR? [12V]
[footprint_link_issues]: The current configuration does not include the footprint library 'ProPrj_STM-easyedapro'
    ; warning
    @(52.07 mm, 153.67 mm): Symbol UA [IRS21867STRPBF]
[footprint_link_issues]: The current configuration does not include the footprint library 'ProPrj_STM-easyedapro'
    ; warning
    @(59.69 mm, 96.52 mm): Symbol C45 [100uF]
[lib_symbol_mismatch]: Symbol '100uF' doesn't match copy in library 'ProPrj_STM-easyedapro'
    ; warning
    @(59.69 mm, 96.52 mm): Symbol C45 [100uF]
[footprint_link_issues]: The current configuration does not include the footprint library 'ProPrj_STM-easyedapro'
    ; warning
    @(60.96 mm, 127.00 mm): Symbol #PWR? [GND]
[footprint_link_issues]: The current configuration does not include the footprint library 'ProPrj_STM-easyedapro'
    ; warning
    @(66.04 mm, 40.64 mm): Symbol Q5 [CSD19505KCS]
[footprint_link_issues]: The current configuration does not include the footprint library 'ProPrj_STM-easyedapro'
    ; warning
    @(67.31 mm, 137.16 mm): Symbol C21 [2.2uF]
[unconnected_wire_endpoint]: Unconnected wire endpoint
    ; warning
    @(68.58 mm, 40.64 mm): Horizontal Wire, length 2.54 mm
[footprint_link_issues]: The current configuration does not include the footprint library 'ProPrj_STM-easyedapro'
    ; warning
    @(68.58 mm, 151.13 mm): Symbol C22 [10uF]
[footprint_link_issues]: The current configuration does not include the footprint library 'ProPrj_STM-easyedapro'
    ; warning
    @(69.85 mm, 96.52 mm): Symbol C46 [100uF]
[lib_symbol_mismatch]: Symbol '100uF' doesn't match copy in library 'ProPrj_STM-easyedapro'
    ; warning
    @(69.85 mm, 96.52 mm): Symbol C46 [100uF]
[footprint_link_issues]: The current configuration does not include the footprint library 'ProPrj_STM-easyedapro'
    ; warning
    @(73.66 mm, 60.96 mm): Symbol Q7 [CSD19505KCS]
[footprint_link_issues]: The current configuration does not include the footprint library 'ProPrj_STM-easyedapro'
    ; warning
    @(73.66 mm, 151.13 mm): Symbol C20 [10uF]
[footprint_link_issues]: The current configuration does not include the footprint library 'ProPrj_STM-easyedapro'
    ; warning
    @(83.82 mm, 143.51 mm): Symbol U2 [B1212S-1W_C883463]
[footprint_link_issues]: The current configuration does not include the footprint library 'ProPrj_STM-easyedapro'
    ; warning
    @(85.09 mm, 40.64 mm): Symbol L1 [100uH]
[footprint_link_issues]: The current configuration does not include the footprint library 'ProPrj_STM-easyedapro'
    ; warning
    @(85.09 mm, 78.74 mm): Symbol #PWR? [GND]
[footprint_link_issues]: The current configuration does not include the footprint library 'ProPrj_STM-easyedapro'
    ; warning
    @(96.52 mm, 60.96 mm): Symbol Q8 [CSD19505KCS]
[lib_symbol_mismatch]: Symbol 'CSD19505KCS' doesn't match copy in library 'ProPrj_STM-easyedapro'
    ; warning
    @(96.52 mm, 60.96 mm): Symbol Q8 [CSD19505KCS]
[footprint_link_issues]: The current configuration does not include the footprint library 'ProPrj_STM-easyedapro'
    ; warning
    @(97.79 mm, 96.52 mm): Symbol C48 [100uF]
[lib_symbol_mismatch]: Symbol '100uF' doesn't match copy in library 'ProPrj_STM-easyedapro'
    ; warning
    @(97.79 mm, 96.52 mm): Symbol C48 [100uF]
[footprint_link_issues]: The current configuration does not include the footprint library 'ProPrj_STM-easyedapro'
    ; warning
    @(97.79 mm, 137.16 mm): Symbol D1 [SS210]
[footprint_link_issues]: The current configuration does not include the footprint library 'ProPrj_STM-easyedapro'
    ; warning
    @(97.79 mm, 140.97 mm): Symbol R11 [10Ω]
[footprint_link_issues]: The current configuration does not include the footprint library 'ProPrj_STM-easyedapro'
    ; warning
    @(97.79 mm, 166.37 mm): Symbol D2 [SS210]
[footprint_link_issues]: The current configuration does not include the footprint library 'ProPrj_STM-easyedapro'
    ; warning
    @(97.79 mm, 170.18 mm): Symbol R12 [10Ω]
[footprint_link_issues]: The current configuration does not include the footprint library 'ProPrj_STM-easyedapro'
    ; warning
    @(102.87 mm, 148.59 mm): Symbol R5 [100kΩ]
[footprint_link_issues]: The current configuration does not include the footprint library 'ProPrj_STM-easyedapro'
    ; warning
    @(102.87 mm, 177.80 mm): Symbol R6 [100kΩ]
[footprint_link_issues]: The current configuration does not include the footprint library 'ProPrj_STM-easyedapro'
    ; warning
    @(102.87 mm, 184.15 mm): Symbol #PWR? [GND]
[footprint_link_issues]: The current configuration does not include the footprint library 'ProPrj_STM-easyedapro'
    ; warning
    @(104.14 mm, 40.64 mm): Symbol Q6 [CSD19505KCS]
[lib_symbol_mismatch]: Symbol 'CSD19505KCS' doesn't match copy in library 'ProPrj_STM-easyedapro'
    ; warning
    @(104.14 mm, 40.64 mm): Symbol Q6 [CSD19505KCS]
[footprint_link_issues]: The current configuration does not include the footprint library 'ProPrj_STM-easyedapro'
    ; warning
    @(107.95 mm, 96.52 mm): Symbol C49 [100uF]
[lib_symbol_mismatch]: Symbol '100uF' doesn't match copy in library 'ProPrj_STM-easyedapro'
    ; warning
    @(107.95 mm, 96.52 mm): Symbol C49 [100uF]
[footprint_link_issues]: The current configuration does not include the footprint library 'ProPrj_STM-easyedapro'
    ; warning
    @(118.11 mm, 96.52 mm): Symbol C50 [100uF]
[lib_symbol_mismatch]: Symbol '100uF' doesn't match copy in library 'ProPrj_STM-easyedapro'
    ; warning
    @(118.11 mm, 96.52 mm): Symbol C50 [100uF]
[footprint_link_issues]: The current configuration does not include the footprint library 'ProPrj_STM-easyedapro'
    ; warning
    @(118.11 mm, 101.60 mm): Symbol #PWR? [GND]
[footprint_link_issues]: The current configuration does not include the footprint library 'ProPrj_STM-easyedapro'
    ; warning
    @(128.27 mm, 96.52 mm): Symbol C51 [100uF]
[lib_symbol_mismatch]: Symbol '100uF' doesn't match copy in library 'ProPrj_STM-easyedapro'
    ; warning
    @(128.27 mm, 96.52 mm): Symbol C51 [100uF]
[footprint_link_issues]: The current configuration does not include the footprint library 'ProPrj_STM-easyedapro'
    ; warning
    @(129.54 mm, 52.07 mm): Symbol R4 [200kΩ]
[footprint_link_issues]: The current configuration does not include the footprint library 'ProPrj_STM-easyedapro'
    ; warning
    @(129.54 mm, 68.58 mm): Symbol R3 [5.1Ω]
[footprint_link_issues]: The current configuration does not include the footprint library 'ProPrj_STM-easyedapro'
    ; warning
    @(133.35 mm, 68.58 mm): Symbol C27 [100nF]
[lib_symbol_mismatch]: Symbol '100nF' doesn't match copy in library 'ProPrj_STM-easyedapro'
    ; warning
    @(133.35 mm, 68.58 mm): Symbol C27 [100nF]
[footprint_link_issues]: The current configuration does not include the footprint library 'ProPrj_STM-easyedapro'
    ; warning
    @(138.43 mm, 96.52 mm): Symbol C52 [100uF]
[lib_symbol_mismatch]: Symbol '100uF' doesn't match copy in library 'ProPrj_STM-easyedapro'
    ; warning
    @(138.43 mm, 96.52 mm): Symbol C52 [100uF]
[footprint_link_issues]: The current configuration does not include the footprint library 'ProPrj_STM-easyedapro'
    ; warning
    @(140.97 mm, 38.10 mm): Symbol R25 [1mΩ]
[footprint_link_issues]: The current configuration does not include the footprint library 'ProPrj_STM-easyedapro'
    ; warning
    @(140.97 mm, 40.64 mm): Symbol R22 [1mΩ]
[footprint_link_issues]: The current configuration does not include the footprint library 'ProPrj_STM-easyedapro'
    ; warning
    @(140.97 mm, 43.18 mm): Symbol R23 [1mΩ]
[footprint_link_issues]: The current configuration does not include the footprint library 'ProPrj_STM-easyedapro'
    ; warning
    @(148.59 mm, 96.52 mm): Symbol C53 [100uF]
[lib_symbol_mismatch]: Symbol '100uF' doesn't match copy in library 'ProPrj_STM-easyedapro'
    ; warning
    @(148.59 mm, 96.52 mm): Symbol C53 [100uF]
[footprint_link_issues]: The current configuration does not include the footprint library 'ProPrj_STM-easyedapro'
    ; warning
    @(152.40 mm, 30.48 mm): Symbol #PWR? [VOUT]
[footprint_link_issues]: The current configuration does not include the footprint library 'ProPrj_STM-easyedapro'
    ; warning
    @(152.40 mm, 33.02 mm): Symbol U? [0921813a673231ed]
[footprint_link_issues]: The current configuration does not include the footprint library 'ProPrj_STM-easyedapro'
    ; warning
    @(152.40 mm, 156.21 mm): Symbol C16 [10uF]
[footprint_link_issues]: The current configuration does not include the footprint library 'ProPrj_STM-easyedapro'
    ; warning
    @(175.26 mm, 148.59 mm): Symbol R9 [10kΩ]
[footprint_link_issues]: The current configuration does not include the footprint library 'ProPrj_STM-easyedapro'
    ; warning
    @(176.53 mm, 26.67 mm): Symbol #PWR? [3V3]
[footprint_link_issues]: The current configuration does not include the footprint library 'ProPrj_STM-easyedapro'
    ; warning
    @(176.53 mm, 38.10 mm): Symbol C3 [100pF]
[footprint_link_issues]: The current configuration does not include the footprint library 'ProPrj_STM-easyedapro'
    ; warning
    @(176.53 mm, 53.34 mm): Symbol #PWR? [GND]
[footprint_link_issues]: The current configuration does not include the footprint library 'ProPrj_STM-easyedapro'
    ; warning
    @(176.53 mm, 69.85 mm): Symbol #PWR? [3V3]
[footprint_link_issues]: The current configuration does not include the footprint library 'ProPrj_STM-easyedapro'
    ; warning
    @(176.53 mm, 81.28 mm): Symbol C4 [100pF]
[footprint_link_issues]: The current configuration does not include the footprint library 'ProPrj_STM-easyedapro'
    ; warning
    @(176.53 mm, 96.52 mm): Symbol #PWR? [GND]
[footprint_link_issues]: The current configuration does not include the footprint library 'ProPrj_STM-easyedapro'
    ; warning
    @(177.80 mm, 156.21 mm): Symbol R10 [10kΩ]
[footprint_link_issues]: The current configuration does not include the footprint library 'ProPrj_STM-easyedapro'
    ; warning
    @(190.50 mm, 121.92 mm): Symbol #PWR? [12V]
[footprint_link_issues]: The current configuration does not include the footprint library 'ProPrj_STM-easyedapro'
    ; warning
    @(190.50 mm, 138.43 mm): Symbol UB [IRS21867STRPBF]
[footprint_link_issues]: The current configuration does not include the footprint library 'ProPrj_STM-easyedapro'
    ; warning
    @(199.39 mm, 111.76 mm): Symbol #PWR? [GND]
[footprint_link_issues]: The current configuration does not include the footprint library 'ProPrj_STM-easyedapro'
    ; warning
    @(201.93 mm, 41.91 mm): Symbol C11 [100nF]
[footprint_link_issues]: The current configuration does not include the footprint library 'ProPrj_STM-easyedapro'
    ; warning
    @(201.93 mm, 85.09 mm): Symbol C10 [100nF]
[footprint_link_issues]: The current configuration does not include the footprint library 'ProPrj_STM-easyedapro'
    ; warning
    @(205.74 mm, 121.92 mm): Symbol C24 [2.2uF]
[footprint_link_issues]: The current configuration does not include the footprint library 'ProPrj_STM-easyedapro'
    ; warning
    @(207.01 mm, 135.89 mm): Symbol C23 [10uF]
[footprint_link_issues]: The current configuration does not include the footprint library 'ProPrj_STM-easyedapro'
    ; warning
    @(212.09 mm, 135.89 mm): Symbol C2 [10uF]
[footprint_link_issues]: The current configuration does not include the footprint library 'ProPrj_STM-easyedapro'
    ; warning
    @(214.63 mm, 40.64 mm): Symbol U4 [INA240A4DR]
[footprint_link_issues]: The current configuration does not include the footprint library 'ProPrj_STM-easyedapro'
    ; warning
    @(214.63 mm, 83.82 mm): Symbol U5 [INA240A4DR]
[footprint_link_issues]: The current configuration does not include the footprint library 'ProPrj_STM-easyedapro'
    ; warning
    @(222.25 mm, 128.27 mm): Symbol U3 [B1212S-1W_C883463]
[footprint_link_issues]: The current configuration does not include the footprint library 'ProPrj_STM-easyedapro'
    ; warning
    @(236.22 mm, 121.92 mm): Symbol D4 [SS210]
[footprint_link_issues]: The current configuration does not include the footprint library 'ProPrj_STM-easyedapro'
    ; warning
    @(236.22 mm, 125.73 mm): Symbol R38 [10Ω]
[footprint_link_issues]: The current configuration does not include the footprint library 'ProPrj_STM-easyedapro'
    ; warning
    @(236.22 mm, 151.13 mm): Symbol D3 [SS210]
[footprint_link_issues]: The current configuration does not include the footprint library 'ProPrj_STM-easyedapro'
    ; warning
    @(236.22 mm, 154.94 mm): Symbol R37 [10Ω]
[footprint_link_issues]: The current configuration does not include the footprint library 'ProPrj_STM-easyedapro'
    ; warning
    @(241.30 mm, 133.35 mm): Symbol R16 [100kΩ]
[footprint_link_issues]: The current configuration does not include the footprint library 'ProPrj_STM-easyedapro'
    ; warning
    @(241.30 mm, 162.56 mm): Symbol R15 [100kΩ]
[footprint_link_issues]: The current configuration does not include the footprint library 'ProPrj_STM-easyedapro'
    ; warning
    @(241.30 mm, 168.91 mm): Symbol #PWR? [GND]
[footprint_link_issues]: The current configuration does not include the footprint library 'ProPrj_STM-easyedapro'
    ; warning
    @(27.94 mm, 157.48 mm): Symbol R29 [10kΩ]
[footprint_link_issues]: The current configuration does not include the footprint library 'ProPrj_STM-easyedapro'
    ; warning
    @(27.94 mm, 170.18 mm): Symbol R30 [10kΩ]
[footprint_link_issues]: The current configuration does not include the footprint library 'ProPrj_STM-easyedapro'
    ; warning
    @(36.83 mm, 179.07 mm): Symbol R28 [5.1kΩ]
[footprint_link_issues]: The current configuration does not include the footprint library 'ProPrj_STM-easyedapro'
    ; warning
    @(41.91 mm, 180.34 mm): Symbol C14 [1uF]
[footprint_link_issues]: The current configuration does not include the footprint library 'ProPrj_STM-easyedapro'
    ; warning
    @(58.42 mm, 179.07 mm): Symbol R26 [5.1kΩ]
[footprint_link_issues]: The current configuration does not include the footprint library 'ProPrj_STM-easyedapro'
    ; warning
    @(60.96 mm, 185.42 mm): Symbol #PWR? [GND]
[footprint_link_issues]: The current configuration does not include the footprint library 'ProPrj_STM-easyedapro'
    ; warning
    @(72.39 mm, 163.83 mm): Symbol USB1 [TYPE-C 16PIN 2MD(073)]
[footprint_link_issues]: The current configuration does not include the footprint library 'ProPrj_STM-easyedapro'
    ; warning
    @(87.63 mm, 60.96 mm): Symbol #PWR? [3V3]
[footprint_link_issues]: The current configuration does not include the footprint library 'ProPrj_STM-easyedapro'
    ; warning
    @(95.25 mm, 68.58 mm): Symbol R27 [10kΩ]
[footprint_link_issues]: The current configuration does not include the footprint library 'ProPrj_STM-easyedapro'
    ; warning
    @(102.87 mm, 71.12 mm): Symbol R41 [10kΩ]
[footprint_link_issues]: The current configuration does not include the footprint library 'ProPrj_STM-easyedapro'
    ; warning
    @(107.95 mm, 76.20 mm): Symbol #PWR? [GND]
[footprint_link_issues]: The current configuration does not include the footprint library 'ProPrj_STM-easyedapro'
    ; warning
    @(113.03 mm, 64.77 mm): Symbol ST-LINK1 [ST-Link]
[footprint_link_issues]: The current configuration does not include the footprint library 'ProPrj_STM-easyedapro'
    ; warning
    @(140.97 mm, 127.00 mm): Symbol #PWR? [VIN]
[footprint_link_issues]: The current configuration does not include the footprint library 'ProPrj_STM-easyedapro'
    ; warning
    @(140.97 mm, 157.48 mm): Symbol #PWR? [VOUT]
[footprint_link_issues]: The current configuration does not include the footprint library 'ProPrj_STM-easyedapro'
    ; warning
    @(146.05 mm, 125.73 mm): Symbol VIN1 [XT60PW-F]
[footprint_link_issues]: The current configuration does not include the footprint library 'ProPrj_STM-easyedapro'
    ; warning
    @(146.05 mm, 156.21 mm): Symbol VOUT1 [XT60PW-M]
[footprint_link_issues]: The current configuration does not include the footprint library 'ProPrj_STM-easyedapro'
    ; warning
    @(149.86 mm, 134.62 mm): Symbol #PWR? [GND]
[footprint_link_issues]: The current configuration does not include the footprint library 'ProPrj_STM-easyedapro'
    ; warning
    @(149.86 mm, 165.10 mm): Symbol #PWR? [GND]
[footprint_link_issues]: The current configuration does not include the footprint library 'ProPrj_STM-easyedapro'
    ; warning
    @(166.37 mm, 58.42 mm): Symbol #PWR? [3V3]
[footprint_link_issues]: The current configuration does not include the footprint library 'ProPrj_STM-easyedapro'
    ; warning
    @(167.64 mm, 63.50 mm): Symbol #PWR? [GND]
[footprint_link_issues]: The current configuration does not include the footprint library 'ProPrj_STM-easyedapro'
    ; warning
    @(171.45 mm, 60.96 mm): Symbol BOOT1 [BOOT]
[footprint_link_issues]: The current configuration does not include the footprint library 'ProPrj_STM-easyedapro'
    ; warning
    @(176.53 mm, 88.90 mm): Symbol C40 [100nF]
[footprint_link_issues]: The current configuration does not include the footprint library 'ProPrj_STM-easyedapro'
    ; warning
    @(181.61 mm, 81.28 mm): Symbol #PWR? [3V3]
[footprint_link_issues]: The current configuration does not include the footprint library 'ProPrj_STM-easyedapro'
    ; warning
    @(181.61 mm, 88.90 mm): Symbol R17 [100kΩ]
[footprint_link_issues]: The current configuration does not include the footprint library 'ProPrj_STM-easyedapro'
    ; warning
    @(181.61 mm, 93.98 mm): Symbol #PWR? [GND]
[footprint_link_issues]: The current configuration does not include the footprint library 'ProPrj_STM-easyedapro'
    ; warning
    @(182.88 mm, 55.88 mm): Symbol #PWR? [3V3]
[footprint_link_issues]: The current configuration does not include the footprint library 'ProPrj_STM-easyedapro'
    ; warning
    @(185.42 mm, 82.55 mm): Symbol NTC100K [HDR-F-2.54_1x2]
[footprint_link_issues]: The current configuration does not include the footprint library 'ProPrj_STM-easyedapro'
    ; warning
    @(186.69 mm, 63.50 mm): Symbol #PWR? [GND]
[footprint_link_issues]: The current configuration does not include the footprint library 'ProPrj_STM-easyedapro'
    ; warning
    @(187.96 mm, 140.97 mm): Symbol #PWR? [12V]
[footprint_link_issues]: The current configuration does not include the footprint library 'ProPrj_STM-easyedapro'
    ; warning
    @(193.04 mm, 59.69 mm): Symbol UART1 [UART]
[footprint_link_issues]: The current configuration does not include the footprint library 'ProPrj_STM-easyedapro'
    ; warning
    @(195.58 mm, 147.32 mm): Symbol #PWR? [GND]
[footprint_link_issues]: The current configuration does not include the footprint library 'ProPrj_STM-easyedapro'
    ; warning
    @(204.47 mm, 139.70 mm): Symbol FAN [HDR-F-2.54_1x4]
[footprint_link_issues]: The current configuration does not include the footprint library 'ProPrj_STM-easyedapro'
    ; warning
    @(209.55 mm, 50.80 mm): Symbol #PWR? [3V3]
[footprint_link_issues]: The current configuration does not include the footprint library 'ProPrj_STM-easyedapro'
    ; warning
    @(212.09 mm, 63.50 mm): Symbol #PWR? [GND]
[footprint_link_issues]: The current configuration does not include the footprint library 'ProPrj_STM-easyedapro'
    ; warning
    @(217.17 mm, 55.88 mm): Symbol SPI1 [SPI]
[footprint_link_issues]: The current configuration does not include the footprint library 'ProPrj_STM-easyedapro'
    ; warning
    @(232.41 mm, 55.88 mm): Symbol #PWR? [3V3]
[footprint_link_issues]: The current configuration does not include the footprint library 'ProPrj_STM-easyedapro'
    ; warning
    @(233.68 mm, 63.50 mm): Symbol #PWR? [GND]
[footprint_link_issues]: The current configuration does not include the footprint library 'ProPrj_STM-easyedapro'
    ; warning
    @(233.68 mm, 111.76 mm): Symbol #PWR? [3V3]
[footprint_link_issues]: The current configuration does not include the footprint library 'ProPrj_STM-easyedapro'
    ; warning
    @(238.76 mm, 59.69 mm): Symbol I2C [I2C]
[footprint_link_issues]: The current configuration does not include the footprint library 'ProPrj_STM-easyedapro'
    ; warning
    @(251.46 mm, 114.30 mm): Symbol #PWR? [GND]
[footprint_link_issues]: The current configuration does not include the footprint library 'ProPrj_STM-easyedapro'
    ; warning
    @(256.54 mm, 105.41 mm): Symbol GPIO1 [HDR-F-2.54_1x8]
[lib_symbol_issues]: The current configuration does not include the symbol library ''
    ; warning
    @(73.66 mm, 80.01 mm): Symbol #PWR03 [GND]
[lib_symbol_issues]: The current configuration does not include the symbol library ''
    ; warning
    @(97.79 mm, 165.10 mm): Symbol #PWR04 [GND]
[lib_symbol_issues]: The current configuration does not include the symbol library ''
    ; warning
    @(113.03 mm, 50.80 mm): Symbol #PWR02 [GND]
[lib_symbol_mismatch]: Symbol 'APS0650M470A' doesn't match copy in library 'easyeda2kicad'
    ; warning
    @(119.38 mm, 66.04 mm): Symbol L3 [APS0650M470A]
[lib_symbol_mismatch]: Symbol 'FTC201610S4R7MBCA' doesn't match copy in library 'easyeda2kicad'
    ; warning
    @(119.38 mm, 142.24 mm): Symbol L2 [FTC201610S4R7MBCA]
[lib_symbol_issues]: The current configuration does not include the symbol library ''
    ; warning
    @(139.70 mm, 142.24 mm): Symbol #PWR06 [3V3]

***** Sheet /Buck-Boost Stuff/
[power_pin_not_driven]: Input Power pin not driven by any Output Power pins
    ; error
    @(10.16 mm, 35.56 mm): Symbol U? Pin  [Input, Line]
[duplicate_pins]: Pin  on symbol 'U?' is connected to different nets: SHUNT_IN- and VIN
    ; error
    @(10.16 mm, 40.64 mm): Symbol U? Pin  [Input, Line]
    @(10.16 mm, 35.56 mm): Symbol U? Pin  [Input, Line]
[power_pin_not_driven]: Input Power pin not driven by any Output Power pins
    ; error
    @(13.97 mm, 167.64 mm): Symbol C1 Pin 2 [2, Input, Line]
[pin_not_driven]: Input pin not driven by any Output pins
    ; error
    @(22.86 mm, 40.64 mm): Symbol R18 Pin 1 [1, Input, Line]
[pin_not_driven]: Input pin not driven by any Output pins
    ; error
    @(34.29 mm, 64.77 mm): Symbol C26 Pin 2 [2, Input, Line]
[pin_not_driven]: Input pin not driven by any Output pins
    ; error
    @(36.83 mm, 158.75 mm): Symbol R14 Pin 2 [2, Input, Line]
[pin_not_driven]: Input pin not driven by any Output pins
    ; error
    @(39.37 mm, 166.37 mm): Symbol R13 Pin 2 [2, Input, Line]
[pin_not_driven]: Input pin not driven by any Output pins
    ; error
    @(73.66 mm, 146.05 mm): Symbol C20 Pin 2 [2, Input, Line]
[pin_not_driven]: Input pin not driven by any Output pins
    ; error
    @(73.66 mm, 156.21 mm): Symbol C20 Pin 1 [1, Input, Line]
[pin_not_driven]: Input pin not driven by any Output pins
    ; error
    @(92.71 mm, 137.16 mm): Symbol D1 Pin 1 [K, Input, Line]
[pin_not_driven]: Input pin not driven by any Output pins
    ; error
    @(92.71 mm, 166.37 mm): Symbol D2 Pin 1 [K, Input, Line]
[pin_not_driven]: Input pin not driven by any Output pins
    ; error
    @(97.79 mm, 91.44 mm): Symbol C48 Pin 1 [1, Input, Line]
[pin_not_driven]: Input pin not driven by any Output pins
    ; error
    @(102.87 mm, 137.16 mm): Symbol D1 Pin 2 [A, Input, Line]
[pin_not_driven]: Input pin not driven by any Output pins
    ; error
    @(102.87 mm, 166.37 mm): Symbol D2 Pin 2 [A, Input, Line]
[pin_not_driven]: Input pin not driven by any Output pins
    ; error
    @(133.35 mm, 64.77 mm): Symbol C27 Pin 2 [2, Input, Line]
[pin_not_driven]: Input pin not driven by any Output pins
    ; error
    @(146.05 mm, 40.64 mm): Symbol R22 Pin 2 [2, Input, Line]
[power_pin_not_driven]: Input Power pin not driven by any Output Power pins
    ; error
    @(152.40 mm, 30.48 mm): Symbol U? Pin  [Input, Line]
[duplicate_pins]: Pin  on symbol 'U?' is connected to different nets: SHUNT_OUT+ and VOUT
    ; error
    @(152.40 mm, 35.56 mm): Symbol U? Pin  [Input, Line]
    @(152.40 mm, 30.48 mm): Symbol U? Pin  [Input, Line]
[pin_not_driven]: Input pin not driven by any Output pins
    ; error
    @(175.26 mm, 143.51 mm): Symbol R9 Pin 2 [2, Input, Line]
[pin_not_driven]: Input pin not driven by any Output pins
    ; error
    @(177.80 mm, 151.13 mm): Symbol R10 Pin 2 [2, Input, Line]
[pin_not_driven]: Input pin not driven by any Output pins
    ; error
    @(201.93 mm, 36.83 mm): Symbol C11 Pin 2 [2, Input, Line]
[pin_not_driven]: Input pin not driven by any Output pins
    ; error
    @(201.93 mm, 80.01 mm): Symbol C10 Pin 2 [2, Input, Line]
[pin_not_driven]: Input pin not driven by any Output pins
    ; error
    @(212.09 mm, 130.81 mm): Symbol C2 Pin 2 [2, Input, Line]
[pin_not_driven]: Input pin not driven by any Output pins
    ; error
    @(212.09 mm, 140.97 mm): Symbol C2 Pin 1 [1, Input, Line]
[pin_not_driven]: Input pin not driven by any Output pins
    ; error
    @(231.14 mm, 121.92 mm): Symbol D4 Pin 1 [K, Input, Line]
[pin_not_driven]: Input pin not driven by any Output pins
    ; error
    @(231.14 mm, 151.13 mm): Symbol D3 Pin 1 [K, Input, Line]
[pin_not_driven]: Input pin not driven by any Output pins
    ; error
    @(241.30 mm, 121.92 mm): Symbol D4 Pin 2 [A, Input, Line]
[pin_not_driven]: Input pin not driven by any Output pins
    ; error
    @(241.30 mm, 151.13 mm): Symbol D3 Pin 2 [A, Input, Line]

***** Sheet /Connectors/
[pin_not_driven]: Input pin not driven by any Output pins
    ; error
    @(27.94 mm, 162.56 mm): Symbol R29 Pin 1 [1, Input, Line]
[pin_not_driven]: Input pin not driven by any Output pins
    ; error
    @(36.83 mm, 173.99 mm): Symbol R28 Pin 1 [1, Input, Line]
[pin_not_driven]: Input pin not driven by any Output pins
    ; error
    @(41.91 mm, 175.26 mm): Symbol C14 Pin 2 [2, Input, Line]
[pin_not_driven]: Input pin not driven by any Output pins
    ; error
    @(58.42 mm, 173.99 mm): Symbol R26 Pin 1 [1, Input, Line]
[pin_not_driven]: Input pin not driven by any Output pins
    ; error
    @(95.25 mm, 63.50 mm): Symbol R27 Pin 2 [2, Input, Line]
[pin_not_driven]: Input pin not driven by any Output pins
    ; error
    @(102.87 mm, 66.04 mm): Symbol R41 Pin 2 [2, Input, Line]
[power_pin_not_driven]: Input Power pin not driven by any Output Power pins
    ; error
    @(167.64 mm, 58.42 mm): Symbol BOOT1 Pin 3 [3, Input, Line]
[pin_not_driven]: Input pin not driven by any Output pins
    ; error
    @(167.64 mm, 60.96 mm): Symbol BOOT1 Pin 2 [2, Input, Line]
[power_pin_not_driven]: Input Power pin not driven by any Output Power pins
    ; error
    @(167.64 mm, 63.50 mm): Symbol BOOT1 Pin 1 [1, Input, Line]
[pin_not_driven]: Input pin not driven by any Output pins
    ; error
    @(176.53 mm, 83.82 mm): Symbol C40 Pin 2 [2, Input, Line]
[pin_not_driven]: Input pin not driven by any Output pins
    ; error
    @(199.39 mm, 135.89 mm): Symbol FAN Pin 4 [4, Input, Line]
[pin_not_driven]: Input pin not driven by any Output pins
    ; error
    @(212.09 mm, 53.34 mm): Symbol SPI1 Pin 5 [5, Input, Line]
[pin_not_driven]: Input pin not driven by any Output pins
    ; error
    @(212.09 mm, 55.88 mm): Symbol SPI1 Pin 4 [4, Input, Line]
[pin_not_driven]: Input pin not driven by any Output pins
    ; error
    @(212.09 mm, 58.42 mm): Symbol SPI1 Pin 3 [3, Input, Line]
[pin_not_driven]: Input pin not driven by any Output pins
    ; error
    @(212.09 mm, 60.96 mm): Symbol SPI1 Pin 2 [2, Input, Line]
[pin_not_driven]: Input pin not driven by any Output pins
    ; error
    @(233.68 mm, 58.42 mm): Symbol I2C Pin 3 [3, Input, Line]
[pin_not_driven]: Input pin not driven by any Output pins
    ; error
    @(233.68 mm, 60.96 mm): Symbol I2C Pin 2 [2, Input, Line]
[pin_not_driven]: Input pin not driven by any Output pins
    ; error
    @(251.46 mm, 96.52 mm): Symbol GPIO1 Pin 8 [8, Input, Line]
[pin_not_driven]: Input pin not driven by any Output pins
    ; error
    @(251.46 mm, 99.06 mm): Symbol GPIO1 Pin 7 [7, Input, Line]
[pin_not_driven]: Input pin not driven by any Output pins
    ; error
    @(251.46 mm, 101.60 mm): Symbol GPIO1 Pin 6 [6, Input, Line]
[pin_not_driven]: Input pin not driven by any Output pins
    ; error
    @(251.46 mm, 104.14 mm): Symbol GPIO1 Pin 5 [5, Input, Line]
[pin_not_driven]: Input pin not driven by any Output pins
    ; error
    @(251.46 mm, 106.68 mm): Symbol GPIO1 Pin 4 [4, Input, Line]
[pin_not_driven]: Input pin not driven by any Output pins
    ; error
    @(251.46 mm, 109.22 mm): Symbol GPIO1 Pin 3 [3, Input, Line]

***** Sheet /auxilary power/
[power_pin_not_driven]: Input Power pin not driven by any Output Power pins
    ; error
    @(140.97 mm, 66.04 mm): Symbol #PWR01 Pin 1 [Power input, Line]
[pin_to_pin]: Pins of type Unspecified and Unspecified are connected
    ; warning
    @(50.80 mm, 60.96 mm): Symbol C_IN1 Pin 2 [2, Unspecified, Line]
    @(55.88 mm, 60.96 mm): Symbol C_IN2 Pin 2 [2, Unspecified, Line]
[pin_to_pin]: Pins of type Unspecified and Unspecified are connected
    ; warning
    @(50.80 mm, 71.12 mm): Symbol C_IN1 Pin 1 [1, Unspecified, Line]
    @(55.88 mm, 71.12 mm): Symbol C_IN2 Pin 1 [1, Unspecified, Line]
[pin_to_pin]: Pins of type Unspecified and Passive are connected
    ; warning
    @(55.88 mm, 60.96 mm): Symbol C_IN2 Pin 2 [2, Unspecified, Line]
    @(62.23 mm, 62.23 mm): Symbol C_IN_BYPASS1 Pin 1 [Passive, Line]
[pin_to_pin]: Pins of type Unspecified and Passive are connected
    ; warning
    @(55.88 mm, 71.12 mm): Symbol C_IN2 Pin 1 [1, Unspecified, Line]
    @(62.23 mm, 69.85 mm): Symbol C_IN_BYPASS1 Pin 2 [Passive, Line]
[pin_to_pin]: Pins of type Unspecified and Passive are connected
    ; warning
    @(86.36 mm, 55.88 mm): Symbol U8 Pin 1 [FB, Unspecified, Line]
    @(81.28 mm, 54.61 mm): Symbol C5 Pin 2 [Passive, Line]
[pin_to_pin]: Pins of type Unspecified and Passive are connected
    ; warning
    @(86.36 mm, 60.96 mm): Symbol U8 Pin 3 [VIN, Unspecified, Line]
    @(62.23 mm, 62.23 mm): Symbol C_IN_BYPASS1 Pin 1 [Passive, Line]
[pin_to_pin]: Pins of type Unspecified and Passive are connected
    ; warning
    @(86.36 mm, 63.50 mm): Symbol U8 Pin 4 [BST, Unspecified, Line]
    @(92.71 mm, 74.93 mm): Symbol CC_Boot1 Pin 1 [Passive, Line]
[pin_to_pin]: Pins of type Unspecified and Passive are connected
    ; warning
    @(87.63 mm, 142.24 mm): Symbol U9 Pin 1 [BS, Unspecified, Line]
    @(93.98 mm, 130.81 mm): Symbol C6 Pin 1 [Passive, Line]
[pin_to_pin]: Pins of type Unspecified and Passive are connected
    ; warning
    @(87.63 mm, 144.78 mm): Symbol U9 Pin 2 [GND, Unspecified, Line]
    @(77.47 mm, 156.21 mm): Symbol R36 Pin 2 [Passive, Line]
[pin_to_pin]: Pins of type Unspecified and Passive are connected
    ; warning
    @(87.63 mm, 147.32 mm): Symbol U9 Pin 3 [FB, Unspecified, Line]
    @(81.28 mm, 146.05 mm): Symbol C9 Pin 2 [Passive, Line]
[pin_to_pin]: Pins of type Unspecified and Power input are connected
    ; warning
    @(96.52 mm, 50.80 mm): Symbol U8 Pin 9 [PAD, Unspecified, Line]
    @(113.03 mm, 50.80 mm): Symbol #PWR02 Pin 1 [GND, Power input, Line]
[pin_to_pin]: Pins of type Unspecified and Power input are connected
    ; warning
    @(106.68 mm, 55.88 mm): Symbol U8 Pin 8 [GND, Unspecified, Line]
    @(113.03 mm, 50.80 mm): Symbol #PWR02 Pin 1 [GND, Power input, Line]
[pin_to_pin]: Pins of type Unspecified and Passive are connected
    ; warning
    @(106.68 mm, 58.42 mm): Symbol U8 Pin 7 [EN, Unspecified, Line]
    @(151.13 mm, 58.42 mm): Symbol R39 Pin 2 [Passive, Line]
[pin_to_pin]: Pins of type Unspecified and Passive are connected
    ; warning
    @(106.68 mm, 63.50 mm): Symbol U8 Pin 5 [SW, Unspecified, Line]
    @(111.76 mm, 66.04 mm): Symbol D6 Pin 1 [Passive, Line]
[pin_to_pin]: Pins of type Unspecified and Passive are connected
    ; warning
    @(107.95 mm, 142.24 mm): Symbol U9 Pin 6 [LX, Unspecified, Line]
    @(101.60 mm, 130.81 mm): Symbol C6 Pin 2 [Passive, Line]
[pin_to_pin]: Pins of type Unspecified and Passive are connected
    ; warning
    @(107.95 mm, 144.78 mm): Symbol U9 Pin 5 [IN, Unspecified, Line]
    @(110.49 mm, 144.78 mm): Symbol C7 Pin 1 [Passive, Line]
[pin_to_pin]: Pins of type Unspecified and Unspecified are connected
    ; warning
    @(107.95 mm, 147.32 mm): Symbol U9 Pin 4 [EN, Unspecified, Line]
    @(107.95 mm, 144.78 mm): Symbol U9 Pin 5 [IN, Unspecified, Line]
[pin_to_pin]: Pins of type Unspecified and Passive are connected
    ; warning
    @(114.30 mm, 66.04 mm): Symbol L3 Pin 1 [1, Unspecified, Line]
    @(111.76 mm, 66.04 mm): Symbol D6 Pin 1 [Passive, Line]
[pin_to_pin]: Pins of type Unspecified and Unspecified are connected
    ; warning
    @(114.30 mm, 142.24 mm): Symbol L2 Pin 1 [1, Unspecified, Line]
    @(107.95 mm, 142.24 mm): Symbol U9 Pin 6 [LX, Unspecified, Line]
[pin_to_pin]: Pins of type Unspecified and Passive are connected
    ; warning
    @(124.46 mm, 66.04 mm): Symbol L3 Pin 2 [2, Unspecified, Line]
    @(127.00 mm, 68.58 mm): Symbol C_OUT1 Pin 1 [Passive, Line]
[pin_to_pin]: Pins of type Unspecified and Passive are connected
    ; warning
    @(124.46 mm, 142.24 mm): Symbol L2 Pin 2 [2, Unspecified, Line]
    @(127.00 mm, 144.78 mm): Symbol C8 Pin 1 [Passive, Line]

***** Sheet /

 ** ERC messages: 299  Errors 99  Warnings 200

 ** Ignored checks:
    - Global label only appears once in the schematic
    - Four connection points are joined together
    - SPICE model issue
    - Assigned footprint doesn't match footprint filters
